
19-02-2022 12:53:29 [informat.loc][info] Parent plugin start installation!
19-02-2022 12:53:29 [informat.loc][info] Plugin installation: try create plugin tables.
																	-DB Version: 0
																	-Plugin Version in DB: 0
																	-Current Plugin Version: 1.5.6
19-02-2022 12:53:30 [informat.loc][info] Parent plugin installation complete!
-------------------------------
19-02-2022 12:53:37 [informat.loc][info] Parent plugin start deactivation!
19-02-2022 12:53:37 [informat.loc][info] Parent plugin deactivation complete!
-------------------------------
19-02-2022 12:53:50 [informat.loc][info] Parent plugin start installation!
19-02-2022 12:53:50 [informat.loc][info] Plugin installation: try create plugin tables.
																	-DB Version: 1
																	-Plugin Version in DB: 1.5.6
																	-Current Plugin Version: 1.5.6
19-02-2022 12:53:50 [informat.loc][info] Parent plugin installation complete!
-------------------------------
19-02-2022 12:53:58 [informat.loc][info] Start cron job. Scope: media-library
19-02-2022 12:53:58 [informat.loc][info] Try to create backup directory. Backup dir: (C:/OpenServer/domains/informat.loc/wordpress/wp-content/uploads/wio_backup)
19-02-2022 12:53:58 [informat.loc][info] Try to create backup directory. Backup dir: (C:/OpenServer/domains/informat.loc/wordpress/wp-content/uploads/wio_backup/2020/04)
19-02-2022 12:53:58 [informat.loc][info] Preparing to upload a file (C:/OpenServer/domains/informat.loc/wordpress/wp-content/uploads/2020/04/1-4.png) to a remote server (server_1).
19-02-2022 12:53:59 [informat.loc][info] File successfully uploaded to remote server (server_1).
19-02-2022 12:53:59 [informat.loc][info] Preparing to upload a file (C:/OpenServer/domains/informat.loc/wordpress/wp-content/uploads/2020/04/1-4-150x150.png) to a remote server (server_1).
19-02-2022 12:53:59 [informat.loc][info] File successfully uploaded to remote server (server_1).
19-02-2022 12:53:59 [informat.loc][info] Preparing to upload a file (C:/OpenServer/domains/informat.loc/wordpress/wp-content/uploads/2020/04/1-4-300x258.png) to a remote server (server_1).
19-02-2022 12:54:00 [informat.loc][info] File successfully uploaded to remote server (server_1).
19-02-2022 12:54:00 [informat.loc][debug] New queue created #1, attributes values: {&quot;server_id&quot;:null,&quot;object_id&quot;:&quot;10&quot;,&quot;object_name&quot;:&quot;&quot;,&quot;item_type&quot;:&quot;attachment&quot;,&quot;item_hash&quot;:null,&quot;item_hash_alternative&quot;:null,&quot;result_status&quot;:&quot;success&quot;,&quot;processing_level&quot;:&quot;normal&quot;,&quot;is_backed_up&quot;:true,&quot;original_size&quot;:96923,&quot;final_size&quot;:50392,&quot;original_mime_type&quot;:&quot;image\/png&quot;,&quot;final_mime_type&quot;:&quot;image\/png&quot;,&quot;extra_data&quot;:&quot;{\&quot;thumbnails_count\&quot;:2,\&quot;original_main_size\&quot;:58438,\&quot;class\&quot;:\&quot;RIO_Attachment_Extra_Data\&quot;}&quot;,&quot;created_at&quot;:1645264440}
19-02-2022 12:54:00 [informat.loc][info] Preparing to upload a file (C:/OpenServer/domains/informat.loc/wordpress/wp-content/uploads/2020/04/landscape-mountains-sky-4843193.jpg) to a remote server (server_1).
19-02-2022 12:54:00 [informat.loc][info] File successfully uploaded to remote server (server_1).
19-02-2022 12:54:01 [informat.loc][info] Preparing to upload a file (C:/OpenServer/domains/informat.loc/wordpress/wp-content/uploads/2020/04/landscape-mountains-sky-4843193-150x150.jpg) to a remote server (server_1).
19-02-2022 12:54:01 [informat.loc][info] File successfully uploaded to remote server (server_1).
19-02-2022 12:54:01 [informat.loc][info] Preparing to upload a file (C:/OpenServer/domains/informat.loc/wordpress/wp-content/uploads/2020/04/landscape-mountains-sky-4843193-300x200.jpg) to a remote server (server_1).
19-02-2022 12:54:01 [informat.loc][info] File successfully uploaded to remote server (server_1).
19-02-2022 12:54:01 [informat.loc][debug] New queue created #2, attributes values: {&quot;server_id&quot;:null,&quot;object_id&quot;:&quot;11&quot;,&quot;object_name&quot;:&quot;&quot;,&quot;item_type&quot;:&quot;attachment&quot;,&quot;item_hash&quot;:null,&quot;item_hash_alternative&quot;:null,&quot;result_status&quot;:&quot;success&quot;,&quot;processing_level&quot;:&quot;normal&quot;,&quot;is_backed_up&quot;:true,&quot;original_size&quot;:210743,&quot;final_size&quot;:210743,&quot;original_mime_type&quot;:&quot;image\/jpeg&quot;,&quot;final_mime_type&quot;:&quot;image\/jpeg&quot;,&quot;extra_data&quot;:&quot;{\&quot;thumbnails_count\&quot;:2,\&quot;original_main_size\&quot;:197556,\&quot;class\&quot;:\&quot;RIO_Attachment_Extra_Data\&quot;}&quot;,&quot;created_at&quot;:1645264441}
19-02-2022 12:54:01 [informat.loc][info] Preparing to upload a file (C:/OpenServer/domains/informat.loc/wordpress/wp-content/uploads/2020/04/green-leafed-trees-during-fog-time-167684.jpg) to a remote server (server_1).
19-02-2022 12:54:02 [informat.loc][info] File successfully uploaded to remote server (server_1).
19-02-2022 12:54:02 [informat.loc][info] Preparing to upload a file (C:/OpenServer/domains/informat.loc/wordpress/wp-content/uploads/2020/04/green-leafed-trees-during-fog-time-167684-150x150.jpg) to a remote server (server_1).
19-02-2022 12:54:02 [informat.loc][info] File successfully uploaded to remote server (server_1).
19-02-2022 12:54:02 [informat.loc][info] Preparing to upload a file (C:/OpenServer/domains/informat.loc/wordpress/wp-content/uploads/2020/04/green-leafed-trees-during-fog-time-167684-300x200.jpg) to a remote server (server_1).
19-02-2022 12:54:02 [informat.loc][info] File successfully uploaded to remote server (server_1).
19-02-2022 12:54:02 [informat.loc][debug] New queue created #3, attributes values: {&quot;server_id&quot;:null,&quot;object_id&quot;:&quot;12&quot;,&quot;object_name&quot;:&quot;&quot;,&quot;item_type&quot;:&quot;attachment&quot;,&quot;item_hash&quot;:null,&quot;item_hash_alternative&quot;:null,&quot;result_status&quot;:&quot;success&quot;,&quot;processing_level&quot;:&quot;normal&quot;,&quot;is_backed_up&quot;:true,&quot;original_size&quot;:214582,&quot;final_size&quot;:203893,&quot;original_mime_type&quot;:&quot;image\/jpeg&quot;,&quot;final_mime_type&quot;:&quot;image\/jpeg&quot;,&quot;extra_data&quot;:&quot;{\&quot;thumbnails_count\&quot;:2,\&quot;original_main_size\&quot;:195310,\&quot;class\&quot;:\&quot;RIO_Attachment_Extra_Data\&quot;}&quot;,&quot;created_at&quot;:1645264442}
19-02-2022 12:54:02 [informat.loc][info] End cron job. Scope: media-library
-------------------------------
19-02-2022 13:00:10 [informat.loc][info] Start cron job. Scope: media-library
19-02-2022 13:00:11 [informat.loc][info] Preparing to upload a file (C:/OpenServer/domains/informat.loc/wordpress/wp-content/uploads/2020/04/snowy-mountain-1287145.jpg) to a remote server (server_1).
19-02-2022 13:00:11 [informat.loc][info] File successfully uploaded to remote server (server_1).
19-02-2022 13:00:12 [informat.loc][info] Preparing to upload a file (C:/OpenServer/domains/informat.loc/wordpress/wp-content/uploads/2020/04/snowy-mountain-1287145-150x150.jpg) to a remote server (server_1).
19-02-2022 13:00:12 [informat.loc][info] File successfully uploaded to remote server (server_1).
19-02-2022 13:00:12 [informat.loc][info] Preparing to upload a file (C:/OpenServer/domains/informat.loc/wordpress/wp-content/uploads/2020/04/snowy-mountain-1287145-300x200.jpg) to a remote server (server_1).
19-02-2022 13:00:12 [informat.loc][info] File successfully uploaded to remote server (server_1).
19-02-2022 13:00:12 [informat.loc][debug] New queue created #4, attributes values: {&quot;server_id&quot;:null,&quot;object_id&quot;:&quot;13&quot;,&quot;object_name&quot;:&quot;&quot;,&quot;item_type&quot;:&quot;attachment&quot;,&quot;item_hash&quot;:null,&quot;item_hash_alternative&quot;:null,&quot;result_status&quot;:&quot;success&quot;,&quot;processing_level&quot;:&quot;normal&quot;,&quot;is_backed_up&quot;:true,&quot;original_size&quot;:248481,&quot;final_size&quot;:235280,&quot;original_mime_type&quot;:&quot;image\/jpeg&quot;,&quot;final_mime_type&quot;:&quot;image\/jpeg&quot;,&quot;extra_data&quot;:&quot;{\&quot;thumbnails_count\&quot;:2,\&quot;original_main_size\&quot;:227674,\&quot;class\&quot;:\&quot;RIO_Attachment_Extra_Data\&quot;}&quot;,&quot;created_at&quot;:1645264812}
19-02-2022 13:00:12 [informat.loc][info] Preparing to upload a file (C:/OpenServer/domains/informat.loc/wordpress/wp-content/uploads/2020/04/photo-of-people-standing-on-top-of-mountain-near-grasses-733162.jpg) to a remote server (server_1).
19-02-2022 13:00:13 [informat.loc][info] File successfully uploaded to remote server (server_1).
19-02-2022 13:00:13 [informat.loc][info] Preparing to upload a file (C:/OpenServer/domains/informat.loc/wordpress/wp-content/uploads/2020/04/photo-of-people-standing-on-top-of-mountain-near-grasses-733162-150x150.jpg) to a remote server (server_1).
19-02-2022 13:00:13 [informat.loc][info] File successfully uploaded to remote server (server_1).
19-02-2022 13:00:14 [informat.loc][info] Preparing to upload a file (C:/OpenServer/domains/informat.loc/wordpress/wp-content/uploads/2020/04/photo-of-people-standing-on-top-of-mountain-near-grasses-733162-300x200.jpg) to a remote server (server_1).
19-02-2022 13:00:14 [informat.loc][info] File successfully uploaded to remote server (server_1).
19-02-2022 13:00:14 [informat.loc][debug] New queue created #5, attributes values: {&quot;server_id&quot;:null,&quot;object_id&quot;:&quot;14&quot;,&quot;object_name&quot;:&quot;&quot;,&quot;item_type&quot;:&quot;attachment&quot;,&quot;item_hash&quot;:null,&quot;item_hash_alternative&quot;:null,&quot;result_status&quot;:&quot;success&quot;,&quot;processing_level&quot;:&quot;normal&quot;,&quot;is_backed_up&quot;:true,&quot;original_size&quot;:251658,&quot;final_size&quot;:241620,&quot;original_mime_type&quot;:&quot;image\/jpeg&quot;,&quot;final_mime_type&quot;:&quot;image\/jpeg&quot;,&quot;extra_data&quot;:&quot;{\&quot;thumbnails_count\&quot;:2,\&quot;original_main_size\&quot;:231023,\&quot;class\&quot;:\&quot;RIO_Attachment_Extra_Data\&quot;}&quot;,&quot;created_at&quot;:1645264814}
19-02-2022 13:00:15 [informat.loc][info] Preparing to upload a file (C:/OpenServer/domains/informat.loc/wordpress/wp-content/uploads/2020/04/fogs-on-green-mountain-1054222.jpg) to a remote server (server_1).
19-02-2022 13:00:16 [informat.loc][info] File successfully uploaded to remote server (server_1).
19-02-2022 13:00:16 [informat.loc][info] Preparing to upload a file (C:/OpenServer/domains/informat.loc/wordpress/wp-content/uploads/2020/04/fogs-on-green-mountain-1054222-150x150.jpg) to a remote server (server_1).
19-02-2022 13:00:16 [informat.loc][info] File successfully uploaded to remote server (server_1).
19-02-2022 13:00:16 [informat.loc][info] Preparing to upload a file (C:/OpenServer/domains/informat.loc/wordpress/wp-content/uploads/2020/04/fogs-on-green-mountain-1054222-300x200.jpg) to a remote server (server_1).
19-02-2022 13:00:16 [informat.loc][info] File successfully uploaded to remote server (server_1).
19-02-2022 13:00:17 [informat.loc][debug] New queue created #6, attributes values: {&quot;server_id&quot;:null,&quot;object_id&quot;:&quot;17&quot;,&quot;object_name&quot;:&quot;&quot;,&quot;item_type&quot;:&quot;attachment&quot;,&quot;item_hash&quot;:null,&quot;item_hash_alternative&quot;:null,&quot;result_status&quot;:&quot;success&quot;,&quot;processing_level&quot;:&quot;normal&quot;,&quot;is_backed_up&quot;:true,&quot;original_size&quot;:193391,&quot;final_size&quot;:91780,&quot;original_mime_type&quot;:&quot;image\/jpeg&quot;,&quot;final_mime_type&quot;:&quot;image\/jpeg&quot;,&quot;extra_data&quot;:&quot;{\&quot;thumbnails_count\&quot;:2,\&quot;original_main_size\&quot;:179993,\&quot;class\&quot;:\&quot;RIO_Attachment_Extra_Data\&quot;}&quot;,&quot;created_at&quot;:1645264817}
19-02-2022 13:00:17 [informat.loc][info] End cron job. Scope: media-library
-------------------------------
19-02-2022 13:04:12 [informat.loc][info] Start cron job. Scope: media-library
19-02-2022 13:04:12 [informat.loc][info] Preparing to upload a file (C:/OpenServer/domains/informat.loc/wordpress/wp-content/uploads/2020/04/green-grass-field-and-mountain-1034887.jpg) to a remote server (server_1).
19-02-2022 13:04:12 [informat.loc][info] File successfully uploaded to remote server (server_1).
19-02-2022 13:04:13 [informat.loc][info] Preparing to upload a file (C:/OpenServer/domains/informat.loc/wordpress/wp-content/uploads/2020/04/green-grass-field-and-mountain-1034887-150x150.jpg) to a remote server (server_1).
19-02-2022 13:04:13 [informat.loc][info] File successfully uploaded to remote server (server_1).
19-02-2022 13:04:13 [informat.loc][info] Preparing to upload a file (C:/OpenServer/domains/informat.loc/wordpress/wp-content/uploads/2020/04/green-grass-field-and-mountain-1034887-300x199.jpg) to a remote server (server_1).
19-02-2022 13:04:13 [informat.loc][info] File successfully uploaded to remote server (server_1).
19-02-2022 13:04:13 [informat.loc][debug] New queue created #7, attributes values: {&quot;server_id&quot;:null,&quot;object_id&quot;:&quot;18&quot;,&quot;object_name&quot;:&quot;&quot;,&quot;item_type&quot;:&quot;attachment&quot;,&quot;item_hash&quot;:null,&quot;item_hash_alternative&quot;:null,&quot;result_status&quot;:&quot;success&quot;,&quot;processing_level&quot;:&quot;normal&quot;,&quot;is_backed_up&quot;:true,&quot;original_size&quot;:260445,&quot;final_size&quot;:248308,&quot;original_mime_type&quot;:&quot;image\/jpeg&quot;,&quot;final_mime_type&quot;:&quot;image\/jpeg&quot;,&quot;extra_data&quot;:&quot;{\&quot;thumbnails_count\&quot;:2,\&quot;original_main_size\&quot;:236960,\&quot;class\&quot;:\&quot;RIO_Attachment_Extra_Data\&quot;}&quot;,&quot;created_at&quot;:1645265053}
19-02-2022 13:04:13 [informat.loc][info] Preparing to upload a file (C:/OpenServer/domains/informat.loc/wordpress/wp-content/uploads/2020/04/bird-s-eye-view-photography-of-green-forest-1208379.jpg) to a remote server (server_1).
19-02-2022 13:04:14 [informat.loc][info] File successfully uploaded to remote server (server_1).
19-02-2022 13:04:14 [informat.loc][info] Preparing to upload a file (C:/OpenServer/domains/informat.loc/wordpress/wp-content/uploads/2020/04/bird-s-eye-view-photography-of-green-forest-1208379-150x150.jpg) to a remote server (server_1).
19-02-2022 13:04:14 [informat.loc][info] File successfully uploaded to remote server (server_1).
19-02-2022 13:04:14 [informat.loc][info] Preparing to upload a file (C:/OpenServer/domains/informat.loc/wordpress/wp-content/uploads/2020/04/bird-s-eye-view-photography-of-green-forest-1208379-300x200.jpg) to a remote server (server_1).
19-02-2022 13:04:14 [informat.loc][info] File successfully uploaded to remote server (server_1).
19-02-2022 13:04:14 [informat.loc][debug] New queue created #8, attributes values: {&quot;server_id&quot;:null,&quot;object_id&quot;:&quot;19&quot;,&quot;object_name&quot;:&quot;&quot;,&quot;item_type&quot;:&quot;attachment&quot;,&quot;item_hash&quot;:null,&quot;item_hash_alternative&quot;:null,&quot;result_status&quot;:&quot;success&quot;,&quot;processing_level&quot;:&quot;normal&quot;,&quot;is_backed_up&quot;:true,&quot;original_size&quot;:107323,&quot;final_size&quot;:102435,&quot;original_mime_type&quot;:&quot;image\/jpeg&quot;,&quot;final_mime_type&quot;:&quot;image\/jpeg&quot;,&quot;extra_data&quot;:&quot;{\&quot;thumbnails_count\&quot;:2,\&quot;original_main_size\&quot;:92169,\&quot;class\&quot;:\&quot;RIO_Attachment_Extra_Data\&quot;}&quot;,&quot;created_at&quot;:1645265054}
19-02-2022 13:04:14 [informat.loc][info] Preparing to upload a file (C:/OpenServer/domains/informat.loc/wordpress/wp-content/uploads/2020/04/mountain-and-lake-at-sunset-135157.jpg) to a remote server (server_1).
19-02-2022 13:04:15 [informat.loc][info] File successfully uploaded to remote server (server_1).
19-02-2022 13:04:15 [informat.loc][info] Preparing to upload a file (C:/OpenServer/domains/informat.loc/wordpress/wp-content/uploads/2020/04/mountain-and-lake-at-sunset-135157-150x150.jpg) to a remote server (server_1).
19-02-2022 13:04:15 [informat.loc][info] File successfully uploaded to remote server (server_1).
19-02-2022 13:04:15 [informat.loc][info] Preparing to upload a file (C:/OpenServer/domains/informat.loc/wordpress/wp-content/uploads/2020/04/mountain-and-lake-at-sunset-135157-300x200.jpg) to a remote server (server_1).
19-02-2022 13:04:16 [informat.loc][info] File successfully uploaded to remote server (server_1).
19-02-2022 13:04:16 [informat.loc][debug] New queue created #9, attributes values: {&quot;server_id&quot;:null,&quot;object_id&quot;:&quot;20&quot;,&quot;object_name&quot;:&quot;&quot;,&quot;item_type&quot;:&quot;attachment&quot;,&quot;item_hash&quot;:null,&quot;item_hash_alternative&quot;:null,&quot;result_status&quot;:&quot;success&quot;,&quot;processing_level&quot;:&quot;normal&quot;,&quot;is_backed_up&quot;:true,&quot;original_size&quot;:277004,&quot;final_size&quot;:271696,&quot;original_mime_type&quot;:&quot;image\/jpeg&quot;,&quot;final_mime_type&quot;:&quot;image\/jpeg&quot;,&quot;extra_data&quot;:&quot;{\&quot;thumbnails_count\&quot;:2,\&quot;original_main_size\&quot;:252483,\&quot;class\&quot;:\&quot;RIO_Attachment_Extra_Data\&quot;}&quot;,&quot;created_at&quot;:1645265056}
19-02-2022 13:04:16 [informat.loc][info] End cron job. Scope: media-library
-------------------------------
19-02-2022 13:09:02 [informat.loc][info] Start cron job. Scope: media-library
19-02-2022 13:09:02 [informat.loc][info] Preparing to upload a file (C:/OpenServer/domains/informat.loc/wordpress/wp-content/uploads/2020/04/customer1.jpg) to a remote server (server_1).
19-02-2022 13:09:02 [informat.loc][info] File successfully uploaded to remote server (server_1).
19-02-2022 13:09:02 [informat.loc][info] Preparing to upload a file (C:/OpenServer/domains/informat.loc/wordpress/wp-content/uploads/2020/04/customer1-150x150.jpg) to a remote server (server_1).
19-02-2022 13:09:02 [informat.loc][info] File successfully uploaded to remote server (server_1).
19-02-2022 13:09:03 [informat.loc][debug] New queue created #10, attributes values: {&quot;server_id&quot;:null,&quot;object_id&quot;:&quot;103&quot;,&quot;object_name&quot;:&quot;&quot;,&quot;item_type&quot;:&quot;attachment&quot;,&quot;item_hash&quot;:null,&quot;item_hash_alternative&quot;:null,&quot;result_status&quot;:&quot;success&quot;,&quot;processing_level&quot;:&quot;normal&quot;,&quot;is_backed_up&quot;:true,&quot;original_size&quot;:13643,&quot;final_size&quot;:13629,&quot;original_mime_type&quot;:&quot;image\/jpeg&quot;,&quot;final_mime_type&quot;:&quot;image\/jpeg&quot;,&quot;extra_data&quot;:&quot;{\&quot;thumbnails_count\&quot;:1,\&quot;original_main_size\&quot;:7033,\&quot;class\&quot;:\&quot;RIO_Attachment_Extra_Data\&quot;}&quot;,&quot;created_at&quot;:1645265343}
19-02-2022 13:09:03 [informat.loc][info] Preparing to upload a file (C:/OpenServer/domains/informat.loc/wordpress/wp-content/uploads/2020/04/customer2.jpg) to a remote server (server_1).
19-02-2022 13:09:03 [informat.loc][info] File successfully uploaded to remote server (server_1).
19-02-2022 13:09:03 [informat.loc][info] Preparing to upload a file (C:/OpenServer/domains/informat.loc/wordpress/wp-content/uploads/2020/04/customer2-150x150.jpg) to a remote server (server_1).
19-02-2022 13:09:03 [informat.loc][info] File successfully uploaded to remote server (server_1).
19-02-2022 13:09:03 [informat.loc][debug] New queue created #11, attributes values: {&quot;server_id&quot;:null,&quot;object_id&quot;:&quot;104&quot;,&quot;object_name&quot;:&quot;&quot;,&quot;item_type&quot;:&quot;attachment&quot;,&quot;item_hash&quot;:null,&quot;item_hash_alternative&quot;:null,&quot;result_status&quot;:&quot;success&quot;,&quot;processing_level&quot;:&quot;normal&quot;,&quot;is_backed_up&quot;:true,&quot;original_size&quot;:12338,&quot;final_size&quot;:12338,&quot;original_mime_type&quot;:&quot;image\/jpeg&quot;,&quot;final_mime_type&quot;:&quot;image\/jpeg&quot;,&quot;extra_data&quot;:&quot;{\&quot;thumbnails_count\&quot;:1,\&quot;original_main_size\&quot;:6306,\&quot;class\&quot;:\&quot;RIO_Attachment_Extra_Data\&quot;}&quot;,&quot;created_at&quot;:1645265343}
19-02-2022 13:09:03 [informat.loc][info] Preparing to upload a file (C:/OpenServer/domains/informat.loc/wordpress/wp-content/uploads/2020/04/customer3.jpg) to a remote server (server_1).
19-02-2022 13:09:03 [informat.loc][info] File successfully uploaded to remote server (server_1).
19-02-2022 13:09:03 [informat.loc][info] Preparing to upload a file (C:/OpenServer/domains/informat.loc/wordpress/wp-content/uploads/2020/04/customer3-150x150.jpg) to a remote server (server_1).
19-02-2022 13:09:04 [informat.loc][info] File successfully uploaded to remote server (server_1).
19-02-2022 13:09:04 [informat.loc][debug] New queue created #12, attributes values: {&quot;server_id&quot;:null,&quot;object_id&quot;:&quot;105&quot;,&quot;object_name&quot;:&quot;&quot;,&quot;item_type&quot;:&quot;attachment&quot;,&quot;item_hash&quot;:null,&quot;item_hash_alternative&quot;:null,&quot;result_status&quot;:&quot;success&quot;,&quot;processing_level&quot;:&quot;normal&quot;,&quot;is_backed_up&quot;:true,&quot;original_size&quot;:15450,&quot;final_size&quot;:15434,&quot;original_mime_type&quot;:&quot;image\/jpeg&quot;,&quot;final_mime_type&quot;:&quot;image\/jpeg&quot;,&quot;extra_data&quot;:&quot;{\&quot;thumbnails_count\&quot;:1,\&quot;original_main_size\&quot;:7839,\&quot;class\&quot;:\&quot;RIO_Attachment_Extra_Data\&quot;}&quot;,&quot;created_at&quot;:1645265344}
19-02-2022 13:09:04 [informat.loc][info] End cron job. Scope: media-library
-------------------------------
19-02-2022 13:14:18 [informat.loc][info] Start cron job. Scope: media-library
19-02-2022 13:14:19 [informat.loc][info] Preparing to upload a file (C:/OpenServer/domains/informat.loc/wordpress/wp-content/uploads/2020/04/customer4.jpg) to a remote server (server_1).
19-02-2022 13:14:19 [informat.loc][info] File successfully uploaded to remote server (server_1).
19-02-2022 13:14:19 [informat.loc][info] Preparing to upload a file (C:/OpenServer/domains/informat.loc/wordpress/wp-content/uploads/2020/04/customer4-150x150.jpg) to a remote server (server_1).
19-02-2022 13:14:19 [informat.loc][info] File successfully uploaded to remote server (server_1).
19-02-2022 13:14:19 [informat.loc][debug] New queue created #13, attributes values: {&quot;server_id&quot;:null,&quot;object_id&quot;:&quot;108&quot;,&quot;object_name&quot;:&quot;&quot;,&quot;item_type&quot;:&quot;attachment&quot;,&quot;item_hash&quot;:null,&quot;item_hash_alternative&quot;:null,&quot;result_status&quot;:&quot;success&quot;,&quot;processing_level&quot;:&quot;normal&quot;,&quot;is_backed_up&quot;:true,&quot;original_size&quot;:22479,&quot;final_size&quot;:21598,&quot;original_mime_type&quot;:&quot;image\/jpeg&quot;,&quot;final_mime_type&quot;:&quot;image\/jpeg&quot;,&quot;extra_data&quot;:&quot;{\&quot;thumbnails_count\&quot;:1,\&quot;original_main_size\&quot;:14010,\&quot;class\&quot;:\&quot;RIO_Attachment_Extra_Data\&quot;}&quot;,&quot;created_at&quot;:1645265659}
19-02-2022 13:14:19 [informat.loc][info] Preparing to upload a file (C:/OpenServer/domains/informat.loc/wordpress/wp-content/uploads/2020/04/logo1.png) to a remote server (server_1).
19-02-2022 13:14:19 [informat.loc][info] File successfully uploaded to remote server (server_1).
19-02-2022 13:14:19 [informat.loc][info] Preparing to upload a file (C:/OpenServer/domains/informat.loc/wordpress/wp-content/uploads/2020/04/logo1-150x46.png) to a remote server (server_1).
19-02-2022 13:14:20 [informat.loc][info] File successfully uploaded to remote server (server_1).
19-02-2022 13:14:20 [informat.loc][debug] New queue created #14, attributes values: {&quot;server_id&quot;:null,&quot;object_id&quot;:&quot;205&quot;,&quot;object_name&quot;:&quot;&quot;,&quot;item_type&quot;:&quot;attachment&quot;,&quot;item_hash&quot;:null,&quot;item_hash_alternative&quot;:null,&quot;result_status&quot;:&quot;success&quot;,&quot;processing_level&quot;:&quot;normal&quot;,&quot;is_backed_up&quot;:true,&quot;original_size&quot;:6085,&quot;final_size&quot;:5945,&quot;original_mime_type&quot;:&quot;image\/png&quot;,&quot;final_mime_type&quot;:&quot;image\/png&quot;,&quot;extra_data&quot;:&quot;{\&quot;thumbnails_count\&quot;:1,\&quot;original_main_size\&quot;:3902,\&quot;class\&quot;:\&quot;RIO_Attachment_Extra_Data\&quot;}&quot;,&quot;created_at&quot;:1645265660}
19-02-2022 13:14:20 [informat.loc][info] Preparing to upload a file (C:/OpenServer/domains/informat.loc/wordpress/wp-content/uploads/2020/04/logo1@2x.png) to a remote server (server_1).
19-02-2022 13:14:20 [informat.loc][info] File successfully uploaded to remote server (server_1).
19-02-2022 13:14:20 [informat.loc][info] Preparing to upload a file (C:/OpenServer/domains/informat.loc/wordpress/wp-content/uploads/2020/04/logo1@2x-150x92.png) to a remote server (server_1).
19-02-2022 13:14:20 [informat.loc][info] File successfully uploaded to remote server (server_1).
19-02-2022 13:14:20 [informat.loc][info] Preparing to upload a file (C:/OpenServer/domains/informat.loc/wordpress/wp-content/uploads/2020/04/logo1@2x-300x77.png) to a remote server (server_1).
19-02-2022 13:14:20 [informat.loc][info] File successfully uploaded to remote server (server_1).
19-02-2022 13:14:21 [informat.loc][debug] New queue created #15, attributes values: {&quot;server_id&quot;:null,&quot;object_id&quot;:&quot;206&quot;,&quot;object_name&quot;:&quot;&quot;,&quot;item_type&quot;:&quot;attachment&quot;,&quot;item_hash&quot;:null,&quot;item_hash_alternative&quot;:null,&quot;result_status&quot;:&quot;success&quot;,&quot;processing_level&quot;:&quot;normal&quot;,&quot;is_backed_up&quot;:true,&quot;original_size&quot;:16224,&quot;final_size&quot;:14279,&quot;original_mime_type&quot;:&quot;image\/png&quot;,&quot;final_mime_type&quot;:&quot;image\/png&quot;,&quot;extra_data&quot;:&quot;{\&quot;thumbnails_count\&quot;:2,\&quot;original_main_size\&quot;:7814,\&quot;class\&quot;:\&quot;RIO_Attachment_Extra_Data\&quot;}&quot;,&quot;created_at&quot;:1645265661}
19-02-2022 13:14:21 [informat.loc][info] End cron job. Scope: media-library
-------------------------------
19-02-2022 13:18:57 [informat.loc][info] Start cron job. Scope: media-library
19-02-2022 13:18:57 [informat.loc][info] Preparing to upload a file (C:/OpenServer/domains/informat.loc/wordpress/wp-content/uploads/2020/04/logo1-dark.png) to a remote server (server_1).
19-02-2022 13:18:58 [informat.loc][info] File successfully uploaded to remote server (server_1).
19-02-2022 13:18:58 [informat.loc][info] Preparing to upload a file (C:/OpenServer/domains/informat.loc/wordpress/wp-content/uploads/2020/04/logo1-dark-150x46.png) to a remote server (server_1).
19-02-2022 13:18:58 [informat.loc][info] File successfully uploaded to remote server (server_1).
19-02-2022 13:18:58 [informat.loc][debug] New queue created #16, attributes values: {&quot;server_id&quot;:null,&quot;object_id&quot;:&quot;207&quot;,&quot;object_name&quot;:&quot;&quot;,&quot;item_type&quot;:&quot;attachment&quot;,&quot;item_hash&quot;:null,&quot;item_hash_alternative&quot;:null,&quot;result_status&quot;:&quot;success&quot;,&quot;processing_level&quot;:&quot;normal&quot;,&quot;is_backed_up&quot;:true,&quot;original_size&quot;:9054,&quot;final_size&quot;:6421,&quot;original_mime_type&quot;:&quot;image\/png&quot;,&quot;final_mime_type&quot;:&quot;image\/png&quot;,&quot;extra_data&quot;:&quot;{\&quot;thumbnails_count\&quot;:1,\&quot;original_main_size\&quot;:5347,\&quot;class\&quot;:\&quot;RIO_Attachment_Extra_Data\&quot;}&quot;,&quot;created_at&quot;:1645265938}
19-02-2022 13:18:58 [informat.loc][info] Preparing to upload a file (C:/OpenServer/domains/informat.loc/wordpress/wp-content/uploads/2020/04/logo1-dark@2x.png) to a remote server (server_1).
19-02-2022 13:18:59 [informat.loc][info] File successfully uploaded to remote server (server_1).
19-02-2022 13:18:59 [informat.loc][info] Preparing to upload a file (C:/OpenServer/domains/informat.loc/wordpress/wp-content/uploads/2020/04/logo1-dark@2x-150x92.png) to a remote server (server_1).
19-02-2022 13:18:59 [informat.loc][info] File successfully uploaded to remote server (server_1).
19-02-2022 13:18:59 [informat.loc][info] Preparing to upload a file (C:/OpenServer/domains/informat.loc/wordpress/wp-content/uploads/2020/04/logo1-dark@2x-300x77.png) to a remote server (server_1).
19-02-2022 13:18:59 [informat.loc][info] File successfully uploaded to remote server (server_1).
19-02-2022 13:18:59 [informat.loc][debug] New queue created #17, attributes values: {&quot;server_id&quot;:null,&quot;object_id&quot;:&quot;208&quot;,&quot;object_name&quot;:&quot;&quot;,&quot;item_type&quot;:&quot;attachment&quot;,&quot;item_hash&quot;:null,&quot;item_hash_alternative&quot;:null,&quot;result_status&quot;:&quot;success&quot;,&quot;processing_level&quot;:&quot;normal&quot;,&quot;is_backed_up&quot;:true,&quot;original_size&quot;:22980,&quot;final_size&quot;:14192,&quot;original_mime_type&quot;:&quot;image\/png&quot;,&quot;final_mime_type&quot;:&quot;image\/png&quot;,&quot;extra_data&quot;:&quot;{\&quot;thumbnails_count\&quot;:2,\&quot;original_main_size\&quot;:9374,\&quot;class\&quot;:\&quot;RIO_Attachment_Extra_Data\&quot;}&quot;,&quot;created_at&quot;:1645265939}
19-02-2022 13:18:59 [informat.loc][info] Preparing to upload a file (C:/OpenServer/domains/informat.loc/wordpress/wp-content/uploads/2020/04/favicon.png) to a remote server (server_1).
19-02-2022 13:18:59 [informat.loc][info] File successfully uploaded to remote server (server_1).
19-02-2022 13:19:00 [informat.loc][debug] New queue created #18, attributes values: {&quot;server_id&quot;:null,&quot;object_id&quot;:&quot;209&quot;,&quot;object_name&quot;:&quot;&quot;,&quot;item_type&quot;:&quot;attachment&quot;,&quot;item_hash&quot;:null,&quot;item_hash_alternative&quot;:null,&quot;result_status&quot;:&quot;success&quot;,&quot;processing_level&quot;:&quot;normal&quot;,&quot;is_backed_up&quot;:true,&quot;original_size&quot;:3358,&quot;final_size&quot;:2856,&quot;original_mime_type&quot;:&quot;image\/png&quot;,&quot;final_mime_type&quot;:&quot;image\/png&quot;,&quot;extra_data&quot;:&quot;{\&quot;thumbnails_count\&quot;:0,\&quot;original_main_size\&quot;:3358,\&quot;class\&quot;:\&quot;RIO_Attachment_Extra_Data\&quot;}&quot;,&quot;created_at&quot;:1645265940}
19-02-2022 13:19:00 [informat.loc][info] End cron job. Scope: media-library
-------------------------------
19-02-2022 13:23:56 [informat.loc][info] Start cron job. Scope: media-library
19-02-2022 13:23:56 [informat.loc][info] Preparing to upload a file (C:/OpenServer/domains/informat.loc/wordpress/wp-content/uploads/2020/04/demo-screenshot.jpg) to a remote server (server_1).
19-02-2022 13:23:56 [informat.loc][info] File successfully uploaded to remote server (server_1).
19-02-2022 13:23:56 [informat.loc][info] Preparing to upload a file (C:/OpenServer/domains/informat.loc/wordpress/wp-content/uploads/2020/04/demo-screenshot-150x150.jpg) to a remote server (server_1).
19-02-2022 13:23:57 [informat.loc][info] File successfully uploaded to remote server (server_1).
19-02-2022 13:23:57 [informat.loc][info] Preparing to upload a file (C:/OpenServer/domains/informat.loc/wordpress/wp-content/uploads/2020/04/demo-screenshot-300x158.jpg) to a remote server (server_1).
19-02-2022 13:23:57 [informat.loc][info] File successfully uploaded to remote server (server_1).
19-02-2022 13:23:57 [informat.loc][debug] New queue created #19, attributes values: {&quot;server_id&quot;:null,&quot;object_id&quot;:&quot;212&quot;,&quot;object_name&quot;:&quot;&quot;,&quot;item_type&quot;:&quot;attachment&quot;,&quot;item_hash&quot;:null,&quot;item_hash_alternative&quot;:null,&quot;result_status&quot;:&quot;success&quot;,&quot;processing_level&quot;:&quot;normal&quot;,&quot;is_backed_up&quot;:true,&quot;original_size&quot;:101360,&quot;final_size&quot;:100526,&quot;original_mime_type&quot;:&quot;image\/jpeg&quot;,&quot;final_mime_type&quot;:&quot;image\/jpeg&quot;,&quot;extra_data&quot;:&quot;{\&quot;thumbnails_count\&quot;:2,\&quot;original_main_size\&quot;:87961,\&quot;class\&quot;:\&quot;RIO_Attachment_Extra_Data\&quot;}&quot;,&quot;created_at&quot;:1645266237}
19-02-2022 13:23:57 [informat.loc][info] Try to create backup directory. Backup dir: (C:/OpenServer/domains/informat.loc/wordpress/wp-content/uploads/wio_backup/2022/02)
19-02-2022 13:23:57 [informat.loc][info] Preparing to upload a file (C:/OpenServer/domains/informat.loc/wordpress/wp-content/uploads/2022/02/book.png) to a remote server (server_1).
19-02-2022 13:23:57 [informat.loc][info] File successfully uploaded to remote server (server_1).
19-02-2022 13:23:57 [informat.loc][info] Preparing to upload a file (C:/OpenServer/domains/informat.loc/wordpress/wp-content/uploads/2022/02/book-150x150.png) to a remote server (server_1).
19-02-2022 13:23:57 [informat.loc][info] File successfully uploaded to remote server (server_1).
19-02-2022 13:23:58 [informat.loc][info] Preparing to upload a file (C:/OpenServer/domains/informat.loc/wordpress/wp-content/uploads/2022/02/book-300x300.png) to a remote server (server_1).
19-02-2022 13:23:58 [informat.loc][info] File successfully uploaded to remote server (server_1).
19-02-2022 13:23:58 [informat.loc][debug] New queue created #20, attributes values: {&quot;server_id&quot;:null,&quot;object_id&quot;:&quot;299&quot;,&quot;object_name&quot;:&quot;&quot;,&quot;item_type&quot;:&quot;attachment&quot;,&quot;item_hash&quot;:null,&quot;item_hash_alternative&quot;:null,&quot;result_status&quot;:&quot;success&quot;,&quot;processing_level&quot;:&quot;normal&quot;,&quot;is_backed_up&quot;:true,&quot;original_size&quot;:31993,&quot;final_size&quot;:23430,&quot;original_mime_type&quot;:&quot;image\/png&quot;,&quot;final_mime_type&quot;:&quot;image\/png&quot;,&quot;extra_data&quot;:&quot;{\&quot;thumbnails_count\&quot;:2,\&quot;original_main_size\&quot;:19326,\&quot;class\&quot;:\&quot;RIO_Attachment_Extra_Data\&quot;}&quot;,&quot;created_at&quot;:1645266238}
19-02-2022 13:23:58 [informat.loc][info] Preparing to upload a file (C:/OpenServer/domains/informat.loc/wordpress/wp-content/uploads/2022/02/cropped-book.png) to a remote server (server_1).
19-02-2022 13:23:58 [informat.loc][info] File successfully uploaded to remote server (server_1).
19-02-2022 13:23:58 [informat.loc][info] Preparing to upload a file (C:/OpenServer/domains/informat.loc/wordpress/wp-content/uploads/2022/02/cropped-book-150x150.png) to a remote server (server_1).
19-02-2022 13:23:58 [informat.loc][info] File successfully uploaded to remote server (server_1).
19-02-2022 13:23:59 [informat.loc][info] Preparing to upload a file (C:/OpenServer/domains/informat.loc/wordpress/wp-content/uploads/2022/02/cropped-book-300x204.png) to a remote server (server_1).
19-02-2022 13:23:59 [informat.loc][info] File successfully uploaded to remote server (server_1).
19-02-2022 13:23:59 [informat.loc][debug] New queue created #21, attributes values: {&quot;server_id&quot;:null,&quot;object_id&quot;:&quot;300&quot;,&quot;object_name&quot;:&quot;&quot;,&quot;item_type&quot;:&quot;attachment&quot;,&quot;item_hash&quot;:null,&quot;item_hash_alternative&quot;:null,&quot;result_status&quot;:&quot;success&quot;,&quot;processing_level&quot;:&quot;normal&quot;,&quot;is_backed_up&quot;:true,&quot;original_size&quot;:24422,&quot;final_size&quot;:17550,&quot;original_mime_type&quot;:&quot;image\/png&quot;,&quot;final_mime_type&quot;:&quot;image\/png&quot;,&quot;extra_data&quot;:&quot;{\&quot;thumbnails_count\&quot;:2,\&quot;original_main_size\&quot;:9826,\&quot;class\&quot;:\&quot;RIO_Attachment_Extra_Data\&quot;}&quot;,&quot;created_at&quot;:1645266239}
19-02-2022 13:23:59 [informat.loc][info] End cron job. Scope: media-library
-------------------------------
19-02-2022 13:29:08 [informat.loc][info] Start cron job. Scope: media-library
19-02-2022 13:29:08 [informat.loc][info] Preparing to upload a file (C:/OpenServer/domains/informat.loc/wordpress/wp-content/uploads/2022/02/book-2.png) to a remote server (server_1).
19-02-2022 13:29:08 [informat.loc][info] File successfully uploaded to remote server (server_1).
19-02-2022 13:29:08 [informat.loc][info] Preparing to upload a file (C:/OpenServer/domains/informat.loc/wordpress/wp-content/uploads/2022/02/book-2-150x150.png) to a remote server (server_1).
19-02-2022 13:29:08 [informat.loc][info] File successfully uploaded to remote server (server_1).
19-02-2022 13:29:08 [informat.loc][info] Preparing to upload a file (C:/OpenServer/domains/informat.loc/wordpress/wp-content/uploads/2022/02/book-2-300x300.png) to a remote server (server_1).
19-02-2022 13:29:09 [informat.loc][info] File successfully uploaded to remote server (server_1).
19-02-2022 13:29:09 [informat.loc][debug] New queue created #22, attributes values: {&quot;server_id&quot;:null,&quot;object_id&quot;:&quot;302&quot;,&quot;object_name&quot;:&quot;&quot;,&quot;item_type&quot;:&quot;attachment&quot;,&quot;item_hash&quot;:null,&quot;item_hash_alternative&quot;:null,&quot;result_status&quot;:&quot;success&quot;,&quot;processing_level&quot;:&quot;normal&quot;,&quot;is_backed_up&quot;:true,&quot;original_size&quot;:22966,&quot;final_size&quot;:17287,&quot;original_mime_type&quot;:&quot;image\/png&quot;,&quot;final_mime_type&quot;:&quot;image\/png&quot;,&quot;extra_data&quot;:&quot;{\&quot;thumbnails_count\&quot;:2,\&quot;original_main_size\&quot;:13465,\&quot;class\&quot;:\&quot;RIO_Attachment_Extra_Data\&quot;}&quot;,&quot;created_at&quot;:1645266549}
19-02-2022 13:29:09 [informat.loc][info] Preparing to upload a file (C:/OpenServer/domains/informat.loc/wordpress/wp-content/uploads/2022/02/cropped-book-2.png) to a remote server (server_1).
19-02-2022 13:29:09 [informat.loc][info] File successfully uploaded to remote server (server_1).
19-02-2022 13:29:09 [informat.loc][info] Preparing to upload a file (C:/OpenServer/domains/informat.loc/wordpress/wp-content/uploads/2022/02/cropped-book-2-150x150.png) to a remote server (server_1).
19-02-2022 13:29:09 [informat.loc][info] File successfully uploaded to remote server (server_1).
19-02-2022 13:29:09 [informat.loc][info] Preparing to upload a file (C:/OpenServer/domains/informat.loc/wordpress/wp-content/uploads/2022/02/cropped-book-2-300x181.png) to a remote server (server_1).
19-02-2022 13:29:09 [informat.loc][info] File successfully uploaded to remote server (server_1).
19-02-2022 13:29:09 [informat.loc][debug] New queue created #23, attributes values: {&quot;server_id&quot;:null,&quot;object_id&quot;:&quot;303&quot;,&quot;object_name&quot;:&quot;&quot;,&quot;item_type&quot;:&quot;attachment&quot;,&quot;item_hash&quot;:null,&quot;item_hash_alternative&quot;:null,&quot;result_status&quot;:&quot;success&quot;,&quot;processing_level&quot;:&quot;normal&quot;,&quot;is_backed_up&quot;:true,&quot;original_size&quot;:15333,&quot;final_size&quot;:11595,&quot;original_mime_type&quot;:&quot;image\/png&quot;,&quot;final_mime_type&quot;:&quot;image\/png&quot;,&quot;extra_data&quot;:&quot;{\&quot;thumbnails_count\&quot;:2,\&quot;original_main_size\&quot;:4616,\&quot;class\&quot;:\&quot;RIO_Attachment_Extra_Data\&quot;}&quot;,&quot;created_at&quot;:1645266549}
19-02-2022 13:29:09 [informat.loc][info] Preparing to upload a file (C:/OpenServer/domains/informat.loc/wordpress/wp-content/uploads/2022/02/main_img.jpg) to a remote server (server_1).
19-02-2022 13:29:10 [informat.loc][info] File successfully uploaded to remote server (server_1).
19-02-2022 13:29:10 [informat.loc][info] Preparing to upload a file (C:/OpenServer/domains/informat.loc/wordpress/wp-content/uploads/2022/02/main_img-150x150.jpg) to a remote server (server_1).
19-02-2022 13:29:10 [informat.loc][info] File successfully uploaded to remote server (server_1).
19-02-2022 13:29:10 [informat.loc][info] Preparing to upload a file (C:/OpenServer/domains/informat.loc/wordpress/wp-content/uploads/2022/02/main_img-300x169.jpg) to a remote server (server_1).
19-02-2022 13:29:10 [informat.loc][info] File successfully uploaded to remote server (server_1).
19-02-2022 13:29:11 [informat.loc][debug] New queue created #24, attributes values: {&quot;server_id&quot;:null,&quot;object_id&quot;:&quot;305&quot;,&quot;object_name&quot;:&quot;&quot;,&quot;item_type&quot;:&quot;attachment&quot;,&quot;item_hash&quot;:null,&quot;item_hash_alternative&quot;:null,&quot;result_status&quot;:&quot;success&quot;,&quot;processing_level&quot;:&quot;normal&quot;,&quot;is_backed_up&quot;:true,&quot;original_size&quot;:137692,&quot;final_size&quot;:129109,&quot;original_mime_type&quot;:&quot;image\/jpeg&quot;,&quot;final_mime_type&quot;:&quot;image\/jpeg&quot;,&quot;extra_data&quot;:&quot;{\&quot;thumbnails_count\&quot;:2,\&quot;original_main_size\&quot;:119748,\&quot;class\&quot;:\&quot;RIO_Attachment_Extra_Data\&quot;}&quot;,&quot;created_at&quot;:1645266551}
19-02-2022 13:29:11 [informat.loc][info] End cron job. Scope: media-library
-------------------------------
19-02-2022 13:33:55 [informat.loc][info] Start cron job. Scope: media-library
19-02-2022 13:33:56 [informat.loc][info] Preparing to upload a file (C:/OpenServer/domains/informat.loc/wordpress/wp-content/uploads/2022/02/enshtein.jpg) to a remote server (server_1).
19-02-2022 13:33:56 [informat.loc][info] File successfully uploaded to remote server (server_1).
19-02-2022 13:33:57 [informat.loc][info] Preparing to upload a file (C:/OpenServer/domains/informat.loc/wordpress/wp-content/uploads/2022/02/enshtein-150x150.jpg) to a remote server (server_1).
19-02-2022 13:33:57 [informat.loc][info] File successfully uploaded to remote server (server_1).
19-02-2022 13:33:57 [informat.loc][info] Preparing to upload a file (C:/OpenServer/domains/informat.loc/wordpress/wp-content/uploads/2022/02/enshtein-300x188.jpg) to a remote server (server_1).
19-02-2022 13:33:57 [informat.loc][info] File successfully uploaded to remote server (server_1).
19-02-2022 13:33:57 [informat.loc][debug] New queue created #25, attributes values: {&quot;server_id&quot;:null,&quot;object_id&quot;:&quot;306&quot;,&quot;object_name&quot;:&quot;&quot;,&quot;item_type&quot;:&quot;attachment&quot;,&quot;item_hash&quot;:null,&quot;item_hash_alternative&quot;:null,&quot;result_status&quot;:&quot;success&quot;,&quot;processing_level&quot;:&quot;normal&quot;,&quot;is_backed_up&quot;:true,&quot;original_size&quot;:317651,&quot;final_size&quot;:166777,&quot;original_mime_type&quot;:&quot;image\/jpeg&quot;,&quot;final_mime_type&quot;:&quot;image\/jpeg&quot;,&quot;extra_data&quot;:&quot;{\&quot;thumbnails_count\&quot;:2,\&quot;original_main_size\&quot;:305286,\&quot;class\&quot;:\&quot;RIO_Attachment_Extra_Data\&quot;}&quot;,&quot;created_at&quot;:1645266837}
19-02-2022 13:33:57 [informat.loc][info] Preparing to upload a file (C:/OpenServer/domains/informat.loc/wordpress/wp-content/uploads/2022/02/fiz.jpg) to a remote server (server_1).
19-02-2022 13:33:58 [informat.loc][info] File successfully uploaded to remote server (server_1).
19-02-2022 13:33:58 [informat.loc][info] Preparing to upload a file (C:/OpenServer/domains/informat.loc/wordpress/wp-content/uploads/2022/02/fiz-150x150.jpg) to a remote server (server_1).
19-02-2022 13:33:58 [informat.loc][info] File successfully uploaded to remote server (server_1).
19-02-2022 13:33:58 [informat.loc][info] Preparing to upload a file (C:/OpenServer/domains/informat.loc/wordpress/wp-content/uploads/2022/02/fiz-300x200.jpg) to a remote server (server_1).
19-02-2022 13:33:58 [informat.loc][info] File successfully uploaded to remote server (server_1).
19-02-2022 13:33:58 [informat.loc][debug] New queue created #26, attributes values: {&quot;server_id&quot;:null,&quot;object_id&quot;:&quot;307&quot;,&quot;object_name&quot;:&quot;&quot;,&quot;item_type&quot;:&quot;attachment&quot;,&quot;item_hash&quot;:null,&quot;item_hash_alternative&quot;:null,&quot;result_status&quot;:&quot;success&quot;,&quot;processing_level&quot;:&quot;normal&quot;,&quot;is_backed_up&quot;:true,&quot;original_size&quot;:164514,&quot;final_size&quot;:107164,&quot;original_mime_type&quot;:&quot;image\/jpeg&quot;,&quot;final_mime_type&quot;:&quot;image\/jpeg&quot;,&quot;extra_data&quot;:&quot;{\&quot;thumbnails_count\&quot;:2,\&quot;original_main_size\&quot;:149661,\&quot;class\&quot;:\&quot;RIO_Attachment_Extra_Data\&quot;}&quot;,&quot;created_at&quot;:1645266838}
19-02-2022 13:33:58 [informat.loc][info] Preparing to upload a file (C:/OpenServer/domains/informat.loc/wordpress/wp-content/uploads/2022/02/math.jpg) to a remote server (server_1).
19-02-2022 13:33:59 [informat.loc][info] File successfully uploaded to remote server (server_1).
19-02-2022 13:33:59 [informat.loc][info] Preparing to upload a file (C:/OpenServer/domains/informat.loc/wordpress/wp-content/uploads/2022/02/math-150x150.jpg) to a remote server (server_1).
19-02-2022 13:33:59 [informat.loc][info] File successfully uploaded to remote server (server_1).
19-02-2022 13:33:59 [informat.loc][info] Preparing to upload a file (C:/OpenServer/domains/informat.loc/wordpress/wp-content/uploads/2022/02/math-300x188.jpg) to a remote server (server_1).
19-02-2022 13:33:59 [informat.loc][info] File successfully uploaded to remote server (server_1).
19-02-2022 13:33:59 [informat.loc][debug] New queue created #27, attributes values: {&quot;server_id&quot;:null,&quot;object_id&quot;:&quot;308&quot;,&quot;object_name&quot;:&quot;&quot;,&quot;item_type&quot;:&quot;attachment&quot;,&quot;item_hash&quot;:null,&quot;item_hash_alternative&quot;:null,&quot;result_status&quot;:&quot;success&quot;,&quot;processing_level&quot;:&quot;normal&quot;,&quot;is_backed_up&quot;:true,&quot;original_size&quot;:194771,&quot;final_size&quot;:194423,&quot;original_mime_type&quot;:&quot;image\/jpeg&quot;,&quot;final_mime_type&quot;:&quot;image\/jpeg&quot;,&quot;extra_data&quot;:&quot;{\&quot;thumbnails_count\&quot;:2,\&quot;original_main_size\&quot;:175462,\&quot;class\&quot;:\&quot;RIO_Attachment_Extra_Data\&quot;}&quot;,&quot;created_at&quot;:1645266839}
19-02-2022 13:34:00 [informat.loc][info] End cron job. Scope: media-library
-------------------------------
19-02-2022 13:39:04 [informat.loc][info] Start cron job. Scope: media-library
19-02-2022 13:39:04 [informat.loc][info] Preparing to upload a file (C:/OpenServer/domains/informat.loc/wordpress/wp-content/uploads/2022/02/geometry.jpg) to a remote server (server_1).
19-02-2022 13:39:04 [informat.loc][info] File successfully uploaded to remote server (server_1).
19-02-2022 13:39:05 [informat.loc][info] Preparing to upload a file (C:/OpenServer/domains/informat.loc/wordpress/wp-content/uploads/2022/02/geometry-150x150.jpg) to a remote server (server_1).
19-02-2022 13:39:05 [informat.loc][info] File successfully uploaded to remote server (server_1).
19-02-2022 13:39:05 [informat.loc][info] Preparing to upload a file (C:/OpenServer/domains/informat.loc/wordpress/wp-content/uploads/2022/02/geometry-300x168.jpg) to a remote server (server_1).
19-02-2022 13:39:05 [informat.loc][info] File successfully uploaded to remote server (server_1).
19-02-2022 13:39:05 [informat.loc][debug] New queue created #28, attributes values: {&quot;server_id&quot;:null,&quot;object_id&quot;:&quot;309&quot;,&quot;object_name&quot;:&quot;&quot;,&quot;item_type&quot;:&quot;attachment&quot;,&quot;item_hash&quot;:null,&quot;item_hash_alternative&quot;:null,&quot;result_status&quot;:&quot;success&quot;,&quot;processing_level&quot;:&quot;normal&quot;,&quot;is_backed_up&quot;:true,&quot;original_size&quot;:270994,&quot;final_size&quot;:270646,&quot;original_mime_type&quot;:&quot;image\/jpeg&quot;,&quot;final_mime_type&quot;:&quot;image\/jpeg&quot;,&quot;extra_data&quot;:&quot;{\&quot;thumbnails_count\&quot;:2,\&quot;original_main_size\&quot;:251480,\&quot;class\&quot;:\&quot;RIO_Attachment_Extra_Data\&quot;}&quot;,&quot;created_at&quot;:1645267145}
19-02-2022 13:39:07 [informat.loc][info] Preparing to upload a file (C:/OpenServer/domains/informat.loc/wordpress/wp-content/uploads/2022/02/chemestry.jpg) to a remote server (server_1).
19-02-2022 13:39:07 [informat.loc][info] File successfully uploaded to remote server (server_1).
19-02-2022 13:39:07 [informat.loc][info] Preparing to upload a file (C:/OpenServer/domains/informat.loc/wordpress/wp-content/uploads/2022/02/chemestry-150x150.jpg) to a remote server (server_1).
19-02-2022 13:39:08 [informat.loc][info] File successfully uploaded to remote server (server_1).
19-02-2022 13:39:08 [informat.loc][info] Preparing to upload a file (C:/OpenServer/domains/informat.loc/wordpress/wp-content/uploads/2022/02/chemestry-300x200.jpg) to a remote server (server_1).
19-02-2022 13:39:08 [informat.loc][info] File successfully uploaded to remote server (server_1).
19-02-2022 13:39:08 [informat.loc][debug] New queue created #29, attributes values: {&quot;server_id&quot;:null,&quot;object_id&quot;:&quot;313&quot;,&quot;object_name&quot;:&quot;&quot;,&quot;item_type&quot;:&quot;attachment&quot;,&quot;item_hash&quot;:null,&quot;item_hash_alternative&quot;:null,&quot;result_status&quot;:&quot;success&quot;,&quot;processing_level&quot;:&quot;normal&quot;,&quot;is_backed_up&quot;:true,&quot;original_size&quot;:864964,&quot;final_size&quot;:259473,&quot;original_mime_type&quot;:&quot;image\/jpeg&quot;,&quot;final_mime_type&quot;:&quot;image\/jpeg&quot;,&quot;extra_data&quot;:&quot;{\&quot;thumbnails_count\&quot;:2,\&quot;original_main_size\&quot;:836822,\&quot;class\&quot;:\&quot;RIO_Attachment_Extra_Data\&quot;}&quot;,&quot;created_at&quot;:1645267148}
19-02-2022 13:39:08 [informat.loc][info] Preparing to upload a file (C:/OpenServer/domains/informat.loc/wordpress/wp-content/uploads/2022/02/tesla.jpg) to a remote server (server_1).
19-02-2022 13:39:08 [informat.loc][info] File successfully uploaded to remote server (server_1).
19-02-2022 13:39:09 [informat.loc][info] Preparing to upload a file (C:/OpenServer/domains/informat.loc/wordpress/wp-content/uploads/2022/02/tesla-150x150.jpg) to a remote server (server_1).
19-02-2022 13:39:09 [informat.loc][info] File successfully uploaded to remote server (server_1).
19-02-2022 13:39:09 [informat.loc][info] Preparing to upload a file (C:/OpenServer/domains/informat.loc/wordpress/wp-content/uploads/2022/02/tesla-298x300.jpg) to a remote server (server_1).
19-02-2022 13:39:09 [informat.loc][info] File successfully uploaded to remote server (server_1).
19-02-2022 13:39:09 [informat.loc][debug] New queue created #30, attributes values: {&quot;server_id&quot;:null,&quot;object_id&quot;:&quot;332&quot;,&quot;object_name&quot;:&quot;&quot;,&quot;item_type&quot;:&quot;attachment&quot;,&quot;item_hash&quot;:null,&quot;item_hash_alternative&quot;:null,&quot;result_status&quot;:&quot;success&quot;,&quot;processing_level&quot;:&quot;normal&quot;,&quot;is_backed_up&quot;:true,&quot;original_size&quot;:233209,&quot;final_size&quot;:96928,&quot;original_mime_type&quot;:&quot;image\/jpeg&quot;,&quot;final_mime_type&quot;:&quot;image\/jpeg&quot;,&quot;extra_data&quot;:&quot;{\&quot;thumbnails_count\&quot;:2,\&quot;original_main_size\&quot;:222091,\&quot;class\&quot;:\&quot;RIO_Attachment_Extra_Data\&quot;}&quot;,&quot;created_at&quot;:1645267149}
19-02-2022 13:39:09 [informat.loc][info] End cron job. Scope: media-library
-------------------------------
19-02-2022 22:46:33 [informat.loc][info] Start cron job. Scope: media-library
19-02-2022 22:46:34 [informat.loc][info] Preparing to upload a file (C:/OpenServer/domains/informat.loc/wordpress/wp-content/uploads/2022/02/mendel.jpg) to a remote server (server_1).
19-02-2022 22:46:35 [informat.loc][info] File successfully uploaded to remote server (server_1).
19-02-2022 22:46:35 [informat.loc][info] Preparing to upload a file (C:/OpenServer/domains/informat.loc/wordpress/wp-content/uploads/2022/02/mendel-150x150.jpg) to a remote server (server_1).
19-02-2022 22:46:35 [informat.loc][info] File successfully uploaded to remote server (server_1).
19-02-2022 22:46:35 [informat.loc][info] Preparing to upload a file (C:/OpenServer/domains/informat.loc/wordpress/wp-content/uploads/2022/02/mendel-250x300.jpg) to a remote server (server_1).
19-02-2022 22:46:35 [informat.loc][info] File successfully uploaded to remote server (server_1).
19-02-2022 22:46:36 [informat.loc][debug] New queue created #31, attributes values: {&quot;server_id&quot;:null,&quot;object_id&quot;:&quot;338&quot;,&quot;object_name&quot;:&quot;&quot;,&quot;item_type&quot;:&quot;attachment&quot;,&quot;item_hash&quot;:null,&quot;item_hash_alternative&quot;:null,&quot;result_status&quot;:&quot;success&quot;,&quot;processing_level&quot;:&quot;normal&quot;,&quot;is_backed_up&quot;:true,&quot;original_size&quot;:866927,&quot;final_size&quot;:799030,&quot;original_mime_type&quot;:&quot;image\/jpeg&quot;,&quot;final_mime_type&quot;:&quot;image\/jpeg&quot;,&quot;extra_data&quot;:&quot;{\&quot;thumbnails_count\&quot;:2,\&quot;original_main_size\&quot;:836423,\&quot;class\&quot;:\&quot;RIO_Attachment_Extra_Data\&quot;}&quot;,&quot;created_at&quot;:1645299996}
19-02-2022 22:46:36 [informat.loc][info] Preparing to upload a file (C:/OpenServer/domains/informat.loc/wordpress/wp-content/uploads/2022/02/mary.jpg) to a remote server (server_1).
19-02-2022 22:46:36 [informat.loc][info] File successfully uploaded to remote server (server_1).
19-02-2022 22:46:36 [informat.loc][info] Preparing to upload a file (C:/OpenServer/domains/informat.loc/wordpress/wp-content/uploads/2022/02/mary-150x150.jpg) to a remote server (server_1).
19-02-2022 22:46:36 [informat.loc][info] File successfully uploaded to remote server (server_1).
19-02-2022 22:46:37 [informat.loc][info] Preparing to upload a file (C:/OpenServer/domains/informat.loc/wordpress/wp-content/uploads/2022/02/mary-300x296.jpg) to a remote server (server_1).
19-02-2022 22:46:37 [informat.loc][info] File successfully uploaded to remote server (server_1).
19-02-2022 22:46:37 [informat.loc][debug] New queue created #32, attributes values: {&quot;server_id&quot;:null,&quot;object_id&quot;:&quot;339&quot;,&quot;object_name&quot;:&quot;&quot;,&quot;item_type&quot;:&quot;attachment&quot;,&quot;item_hash&quot;:null,&quot;item_hash_alternative&quot;:null,&quot;result_status&quot;:&quot;success&quot;,&quot;processing_level&quot;:&quot;normal&quot;,&quot;is_backed_up&quot;:true,&quot;original_size&quot;:83055,&quot;final_size&quot;:82719,&quot;original_mime_type&quot;:&quot;image\/jpeg&quot;,&quot;final_mime_type&quot;:&quot;image\/jpeg&quot;,&quot;extra_data&quot;:&quot;{\&quot;thumbnails_count\&quot;:2,\&quot;original_main_size\&quot;:67702,\&quot;class\&quot;:\&quot;RIO_Attachment_Extra_Data\&quot;}&quot;,&quot;created_at&quot;:1645299997}
19-02-2022 22:46:37 [informat.loc][info] Preparing to upload a file (C:/OpenServer/domains/informat.loc/wordpress/wp-content/uploads/2022/02/Ampere.jpg) to a remote server (server_1).
19-02-2022 22:46:38 [informat.loc][info] File successfully uploaded to remote server (server_1).
19-02-2022 22:46:38 [informat.loc][info] Preparing to upload a file (C:/OpenServer/domains/informat.loc/wordpress/wp-content/uploads/2022/02/Ampere-150x150.jpg) to a remote server (server_1).
19-02-2022 22:46:38 [informat.loc][info] File successfully uploaded to remote server (server_1).
19-02-2022 22:46:39 [informat.loc][info] Preparing to upload a file (C:/OpenServer/domains/informat.loc/wordpress/wp-content/uploads/2022/02/Ampere-248x300.jpg) to a remote server (server_1).
19-02-2022 22:46:39 [informat.loc][info] File successfully uploaded to remote server (server_1).
19-02-2022 22:46:39 [informat.loc][debug] New queue created #33, attributes values: {&quot;server_id&quot;:null,&quot;object_id&quot;:&quot;346&quot;,&quot;object_name&quot;:&quot;&quot;,&quot;item_type&quot;:&quot;attachment&quot;,&quot;item_hash&quot;:null,&quot;item_hash_alternative&quot;:null,&quot;result_status&quot;:&quot;success&quot;,&quot;processing_level&quot;:&quot;normal&quot;,&quot;is_backed_up&quot;:true,&quot;original_size&quot;:708512,&quot;final_size&quot;:323582,&quot;original_mime_type&quot;:&quot;image\/jpeg&quot;,&quot;final_mime_type&quot;:&quot;image\/jpeg&quot;,&quot;extra_data&quot;:&quot;{\&quot;thumbnails_count\&quot;:2,\&quot;original_main_size\&quot;:671812,\&quot;class\&quot;:\&quot;RIO_Attachment_Extra_Data\&quot;}&quot;,&quot;created_at&quot;:1645299999}
19-02-2022 22:46:39 [informat.loc][info] End cron job. Scope: media-library
-------------------------------
19-02-2022 22:57:24 [informat.loc][info] Start cron job. Scope: media-library
19-02-2022 22:57:24 [informat.loc][info] Preparing to upload a file (C:/OpenServer/domains/informat.loc/wordpress/wp-content/uploads/2022/02/Algebra.jpg) to a remote server (server_1).
19-02-2022 22:57:25 [informat.loc][info] File successfully uploaded to remote server (server_1).
19-02-2022 22:57:26 [informat.loc][info] Preparing to upload a file (C:/OpenServer/domains/informat.loc/wordpress/wp-content/uploads/2022/02/Algebra-150x150.jpg) to a remote server (server_1).
19-02-2022 22:57:27 [informat.loc][info] File successfully uploaded to remote server (server_1).
19-02-2022 22:57:27 [informat.loc][info] Preparing to upload a file (C:/OpenServer/domains/informat.loc/wordpress/wp-content/uploads/2022/02/Algebra-300x158.jpg) to a remote server (server_1).
19-02-2022 22:57:28 [informat.loc][info] File successfully uploaded to remote server (server_1).
19-02-2022 22:57:29 [informat.loc][debug] New queue created #34, attributes values: {&quot;server_id&quot;:null,&quot;object_id&quot;:&quot;381&quot;,&quot;object_name&quot;:&quot;&quot;,&quot;item_type&quot;:&quot;attachment&quot;,&quot;item_hash&quot;:null,&quot;item_hash_alternative&quot;:null,&quot;result_status&quot;:&quot;success&quot;,&quot;processing_level&quot;:&quot;normal&quot;,&quot;is_backed_up&quot;:true,&quot;original_size&quot;:227810,&quot;final_size&quot;:218255,&quot;original_mime_type&quot;:&quot;image\/jpeg&quot;,&quot;final_mime_type&quot;:&quot;image\/jpeg&quot;,&quot;extra_data&quot;:&quot;{\&quot;thumbnails_count\&quot;:2,\&quot;original_main_size\&quot;:195838,\&quot;class\&quot;:\&quot;RIO_Attachment_Extra_Data\&quot;}&quot;,&quot;created_at&quot;:1645300648}
19-02-2022 22:57:29 [informat.loc][info] Preparing to upload a file (C:/OpenServer/domains/informat.loc/wordpress/wp-content/uploads/2022/02/Geometrya.jpg) to a remote server (server_1).
19-02-2022 22:57:29 [informat.loc][info] File successfully uploaded to remote server (server_1).
19-02-2022 22:57:31 [informat.loc][info] Preparing to upload a file (C:/OpenServer/domains/informat.loc/wordpress/wp-content/uploads/2022/02/Geometrya-150x150.jpg) to a remote server (server_1).
19-02-2022 22:57:32 [informat.loc][info] File successfully uploaded to remote server (server_1).
19-02-2022 22:57:32 [informat.loc][info] Preparing to upload a file (C:/OpenServer/domains/informat.loc/wordpress/wp-content/uploads/2022/02/Geometrya-300x267.jpg) to a remote server (server_1).
19-02-2022 22:57:33 [informat.loc][info] File successfully uploaded to remote server (server_1).
19-02-2022 22:57:33 [informat.loc][debug] New queue created #35, attributes values: {&quot;server_id&quot;:null,&quot;object_id&quot;:&quot;383&quot;,&quot;object_name&quot;:&quot;&quot;,&quot;item_type&quot;:&quot;attachment&quot;,&quot;item_hash&quot;:null,&quot;item_hash_alternative&quot;:null,&quot;result_status&quot;:&quot;success&quot;,&quot;processing_level&quot;:&quot;normal&quot;,&quot;is_backed_up&quot;:true,&quot;original_size&quot;:216704,&quot;final_size&quot;:198713,&quot;original_mime_type&quot;:&quot;image\/jpeg&quot;,&quot;final_mime_type&quot;:&quot;image\/jpeg&quot;,&quot;extra_data&quot;:&quot;{\&quot;thumbnails_count\&quot;:2,\&quot;original_main_size\&quot;:178954,\&quot;class\&quot;:\&quot;RIO_Attachment_Extra_Data\&quot;}&quot;,&quot;created_at&quot;:1645300653}
19-02-2022 22:57:33 [informat.loc][info] Preparing to upload a file (C:/OpenServer/domains/informat.loc/wordpress/wp-content/uploads/2022/02/pifagor.jpg) to a remote server (server_1).
19-02-2022 22:57:35 [informat.loc][info] File successfully uploaded to remote server (server_1).
19-02-2022 22:57:37 [informat.loc][info] Preparing to upload a file (C:/OpenServer/domains/informat.loc/wordpress/wp-content/uploads/2022/02/pifagor-150x150.jpg) to a remote server (server_1).
19-02-2022 22:57:38 [informat.loc][info] File successfully uploaded to remote server (server_1).
19-02-2022 22:57:38 [informat.loc][info] Preparing to upload a file (C:/OpenServer/domains/informat.loc/wordpress/wp-content/uploads/2022/02/pifagor-225x300.jpg) to a remote server (server_1).
19-02-2022 22:57:39 [informat.loc][info] File successfully uploaded to remote server (server_1).
19-02-2022 22:57:39 [informat.loc][debug] New queue created #36, attributes values: {&quot;server_id&quot;:null,&quot;object_id&quot;:&quot;387&quot;,&quot;object_name&quot;:&quot;&quot;,&quot;item_type&quot;:&quot;attachment&quot;,&quot;item_hash&quot;:null,&quot;item_hash_alternative&quot;:null,&quot;result_status&quot;:&quot;success&quot;,&quot;processing_level&quot;:&quot;normal&quot;,&quot;is_backed_up&quot;:true,&quot;original_size&quot;:316040,&quot;final_size&quot;:152022,&quot;original_mime_type&quot;:&quot;image\/jpeg&quot;,&quot;final_mime_type&quot;:&quot;image\/jpeg&quot;,&quot;extra_data&quot;:&quot;{\&quot;thumbnails_count\&quot;:2,\&quot;original_main_size\&quot;:294569,\&quot;class\&quot;:\&quot;RIO_Attachment_Extra_Data\&quot;}&quot;,&quot;created_at&quot;:1645300659}
19-02-2022 22:57:39 [informat.loc][info] End cron job. Scope: media-library
-------------------------------
19-02-2022 22:59:17 [informat.loc][info] Start cron job. Scope: media-library
19-02-2022 22:59:17 [informat.loc][info] Preparing to upload a file (C:/OpenServer/domains/informat.loc/wordpress/wp-content/uploads/2022/02/Matematik.jpg) to a remote server (server_1).
19-02-2022 22:59:17 [informat.loc][info] File successfully uploaded to remote server (server_1).
19-02-2022 22:59:18 [informat.loc][info] Preparing to upload a file (C:/OpenServer/domains/informat.loc/wordpress/wp-content/uploads/2022/02/Matematik-150x150.jpg) to a remote server (server_1).
19-02-2022 22:59:18 [informat.loc][info] File successfully uploaded to remote server (server_1).
19-02-2022 22:59:18 [informat.loc][info] Preparing to upload a file (C:/OpenServer/domains/informat.loc/wordpress/wp-content/uploads/2022/02/Matematik-300x251.jpg) to a remote server (server_1).
19-02-2022 22:59:18 [informat.loc][info] File successfully uploaded to remote server (server_1).
19-02-2022 22:59:18 [informat.loc][debug] New queue created #37, attributes values: {&quot;server_id&quot;:null,&quot;object_id&quot;:&quot;392&quot;,&quot;object_name&quot;:&quot;&quot;,&quot;item_type&quot;:&quot;attachment&quot;,&quot;item_hash&quot;:null,&quot;item_hash_alternative&quot;:null,&quot;result_status&quot;:&quot;success&quot;,&quot;processing_level&quot;:&quot;normal&quot;,&quot;is_backed_up&quot;:true,&quot;original_size&quot;:277791,&quot;final_size&quot;:276852,&quot;original_mime_type&quot;:&quot;image\/jpeg&quot;,&quot;final_mime_type&quot;:&quot;image\/jpeg&quot;,&quot;extra_data&quot;:&quot;{\&quot;thumbnails_count\&quot;:2,\&quot;original_main_size\&quot;:243667,\&quot;class\&quot;:\&quot;RIO_Attachment_Extra_Data\&quot;}&quot;,&quot;created_at&quot;:1645300758}
19-02-2022 22:59:18 [informat.loc][info] Preparing to upload a file (C:/OpenServer/domains/informat.loc/wordpress/wp-content/uploads/2022/02/1612639664_4-p-zelenii-fon-matematika-5.jpg) to a remote server (server_1).
19-02-2022 22:59:19 [informat.loc][info] File successfully uploaded to remote server (server_1).
19-02-2022 22:59:19 [informat.loc][info] Preparing to upload a file (C:/OpenServer/domains/informat.loc/wordpress/wp-content/uploads/2022/02/1612639664_4-p-zelenii-fon-matematika-5-150x150.jpg) to a remote server (server_1).
19-02-2022 22:59:20 [informat.loc][info] File successfully uploaded to remote server (server_1).
19-02-2022 22:59:20 [informat.loc][info] Preparing to upload a file (C:/OpenServer/domains/informat.loc/wordpress/wp-content/uploads/2022/02/1612639664_4-p-zelenii-fon-matematika-5-300x206.jpg) to a remote server (server_1).
19-02-2022 22:59:20 [informat.loc][info] File successfully uploaded to remote server (server_1).
19-02-2022 22:59:20 [informat.loc][debug] New queue created #38, attributes values: {&quot;server_id&quot;:null,&quot;object_id&quot;:&quot;397&quot;,&quot;object_name&quot;:&quot;&quot;,&quot;item_type&quot;:&quot;attachment&quot;,&quot;item_hash&quot;:null,&quot;item_hash_alternative&quot;:null,&quot;result_status&quot;:&quot;success&quot;,&quot;processing_level&quot;:&quot;normal&quot;,&quot;is_backed_up&quot;:true,&quot;original_size&quot;:348375,&quot;final_size&quot;:326758,&quot;original_mime_type&quot;:&quot;image\/jpeg&quot;,&quot;final_mime_type&quot;:&quot;image\/jpeg&quot;,&quot;extra_data&quot;:&quot;{\&quot;thumbnails_count\&quot;:2,\&quot;original_main_size\&quot;:322251,\&quot;class\&quot;:\&quot;RIO_Attachment_Extra_Data\&quot;}&quot;,&quot;created_at&quot;:1645300760}
19-02-2022 22:59:20 [informat.loc][info] End cron job. Scope: media-library
-------------------------------